<?xml version="1.0" encoding="UTF-8"?>
<robot generator="Robot 4.1 (Python 3.8.10 on win32)" generated="20220923 16:03:04.416" rpa="false" schemaversion="2">
<suite id="s1" name="Test" source="c:\Users\user\Robot Workspace\Flipkart\Test.robot">
<test id="s1-t1" name="Add a product to the cart">
<status status="FAIL" starttime="20220923 16:03:04.485" endtime="20220923 16:03:04.486">Test case contains no keywords.</status>
</test>
<status status="FAIL" starttime="20220923 16:03:04.436" endtime="20220923 16:03:04.487"/>
</suite>
<statistics>
<total>
<stat pass="0" fail="1" skip="0">All Tests</stat>
</total>
<tag>
</tag>
<suite>
<stat pass="0" fail="1" skip="0" id="s1" name="Test">Test</stat>
</suite>
</statistics>
<errors>
<msg timestamp="20220923 16:03:04.473" level="ERROR">Error in file 'c:\Users\user\Robot Workspace\Flipkart\Test.robot' on line 2: Importing library 'SeleniumLibrary' failed: ModuleNotFoundError: No module named 'SeleniumLibrary'
Traceback (most recent call last):
  None
PYTHONPATH:
  c:\Users\user\.vscode\extensions\robocorp.robotframework-lsp-1.1.3\src\robotframework_debug_adapter
  C:\Users\user\Robot Workspace
  c:\Users\user\.vscode\extensions\robocorp.robotframework-lsp-1.1.3\src
  c:\Users\user\.vscode\extensions\robocorp.robotframework-lsp-1.1.3\src\robotframework_ls\vendored
  c:\ProgramData\robocorp\ht\ec7e65c_b1f3c24_da28c852\python38.zip
  c:\ProgramData\robocorp\ht\ec7e65c_b1f3c24_da28c852\DLLs
  c:\ProgramData\robocorp\ht\ec7e65c_b1f3c24_da28c852\lib
  c:\ProgramData\robocorp\ht\ec7e65c_b1f3c24_da28c852
  c:\ProgramData\robocorp\ht\ec7e65c_b1f3c24_da28c852\lib\site-packages
  c:\ProgramData\robocorp\ht\ec7e65c_b1f3c24_da28c852\lib\site-packages\win32
  c:\ProgramData\robocorp\ht\ec7e65c_b1f3c24_da28c852\lib\site-packages\win32\lib
  c:\ProgramData\robocorp\ht\ec7e65c_b1f3c24_da28c852\lib\site-packages\Pythonwin</msg>
</errors>
</robot>
